\BOOKMARK [1][-]{section.1}{ Introduction}{}% 1
\BOOKMARK [1][-]{section.2}{ Data Processing}{}% 2
\BOOKMARK [2][-]{subsection.2.1}{Data Collection}{section.2}% 3
\BOOKMARK [2][-]{subsection.2.2}{Growing Degree Day Calculation}{section.2}% 4
\BOOKMARK [1][-]{section.3}{Graphs and Analysis}{}% 5
\BOOKMARK [2][-]{subsection.3.1}{ St.Johns }{section.3}% 6
\BOOKMARK [2][-]{subsection.3.2}{ Halifax }{section.3}% 7
\BOOKMARK [2][-]{subsection.3.3}{ Toronto }{section.3}% 8
\BOOKMARK [2][-]{subsection.3.4}{ Vancouver }{section.3}% 9
\BOOKMARK [2][-]{subsection.3.5}{ Accumulated GDD in Same Year }{section.3}% 10
\BOOKMARK [2][-]{subsection.3.6}{Year 2013}{section.3}% 11
\BOOKMARK [2][-]{subsection.3.7}{Year 2014}{section.3}% 12
\BOOKMARK [2][-]{subsection.3.8}{Year 2015}{section.3}% 13
\BOOKMARK [2][-]{subsection.3.9}{Year 2016}{section.3}% 14
\BOOKMARK [2][-]{subsection.3.10}{ Year to Year Accumulated GDD }{section.3}% 15
\BOOKMARK [2][-]{subsection.3.11}{St.John's}{section.3}% 16
\BOOKMARK [2][-]{subsection.3.12}{Halifax}{section.3}% 17
\BOOKMARK [2][-]{subsection.3.13}{Toronto}{section.3}% 18
\BOOKMARK [2][-]{subsection.3.14}{Vancouver}{section.3}% 19
\BOOKMARK [2][-]{subsection.3.15}{Accumulated GDD Plot with Different Base Temperature}{section.3}% 20
\BOOKMARK [1][-]{section.4}{ Discussion}{}% 21
\BOOKMARK [1][-]{section.5}{Conclusion}{}% 22
\BOOKMARK [1][-]{section.6}{References}{}% 23
